#set( $symbol_pound = '#' )
#set( $symbol_dollar = '$' )
#set( $symbol_escape = '\' )
<?xml version="1.0" encoding="UTF-8"?>
<!-- Generated by org.testng.reporters.JUnitReportReporter -->
<testsuite skipped="0" hostname="ATMECSINLT-033" name="${package}.${artifactId}.testscripts.ProductSearchTestScripts" tests="2" failures="0" timestamp="16 Oct 2019 11:06:03 GMT" time="5.990" errors="0">
  <testcase name="productSearchScript" time="2.590" classname="${package}.${artifactId}.testscripts.ProductSearchTestScripts"/>
  <testcase name="negativesearch" time="3.400" classname="${package}.${artifactId}.testscripts.ProductSearchTestScripts"/>
</testsuite> <!-- ${package}.${artifactId}.testscripts.ProductSearchTestScripts -->
