#set( $symbol_pound = '#' )
#set( $symbol_dollar = '$' )
#set( $symbol_escape = '\' )
<?xml version="1.0" encoding="UTF-8"?>
<!-- Generated by org.testng.reporters.JUnitReportReporter -->
<testsuite skipped="0" hostname="ATMECSINLT-033" name="${package}.Konkart.pages.HeroImage" tests="1" failures="0" timestamp="04 Oct 2019 11:05:37 GMT" time="5.440" errors="0">
  <testcase name="ProductDiscription" time="5.440" classname="${package}.Konkart.pages.HeroImage"/>
</testsuite> <!-- ${package}.Konkart.pages.HeroImage -->
