#set( $symbol_pound = '#' )
#set( $symbol_dollar = '$' )
#set( $symbol_escape = '\' )
<?xml version="1.0" encoding="UTF-8"?>
<!-- Generated by org.testng.reporters.JUnitReportReporter -->
<testsuite skipped="0" hostname="ATMECSINLT-033" name="${package}.${artifactId}.testscripts.SecondScenerio" tests="1" failures="0" timestamp="14 Oct 2019 11:41:09 GMT" time="14.688" errors="0">
  <testcase name="select" time="14.688" classname="${package}.${artifactId}.testscripts.SecondScenerio"/>
</testsuite> <!-- ${package}.${artifactId}.testscripts.SecondScenerio -->
