<?xml version="1.0" encoding="UTF-8"?>
<!-- Generated by org.testng.reporters.JUnitReportReporter -->
<testsuite skipped="0" hostname="ATMECSINLT-033" name="com.atmecs.Konakart.parallel.Testng" tests="1" failures="0" timestamp="24 Oct 2019 11:58:41 GMT" time="114.236" errors="0">
  <testcase name="base" time="114.236" classname="com.atmecs.Konakart.parallel.Testng"/>
</testsuite> <!-- com.atmecs.Konakart.parallel.Testng -->
