<?xml version="1.0" encoding="UTF-8"?>
<!-- Generated by org.testng.reporters.JUnitReportReporter -->
<testsuite skipped="0" hostname="ATMECSINLT-033" name="it.pkg.basic.testscripts.ProductSearchTestScripts" tests="2" failures="0" timestamp="16 Oct 2019 11:06:03 GMT" time="5.990" errors="0">
  <testcase name="productSearchScript" time="2.590" classname="it.pkg.basic.testscripts.ProductSearchTestScripts"/>
  <testcase name="negativesearch" time="3.400" classname="it.pkg.basic.testscripts.ProductSearchTestScripts"/>
</testsuite> <!-- it.pkg.basic.testscripts.ProductSearchTestScripts -->
