<?xml version="1.0" encoding="UTF-8"?>
<!-- Generated by org.testng.reporters.JUnitReportReporter -->
<testsuite skipped="0" hostname="ATMECSINLT-033" name="it.pkg.basic.testscripts.SecondScenerio" tests="1" failures="0" timestamp="14 Oct 2019 11:41:09 GMT" time="14.688" errors="0">
  <testcase name="select" time="14.688" classname="it.pkg.basic.testscripts.SecondScenerio"/>
</testsuite> <!-- it.pkg.basic.testscripts.SecondScenerio -->
